# JRE version: OpenJDK Runtime Environment (21.0.4) (build 21.0.4+-12508038-b607.1)
# Java VM: OpenJDK 64-Bit Server VM (21.0.4+-12508038-b607.1, mixed mode, tiered, compressed oops, compressed class ptrs, g1 gc, windows-amd64)
GC Precious Log:
 CardTable entry size: 512
 Card Set container configuration: InlinePtr #cards 5 size 8 Array Of Cards #cards 12 size 40 Howl #buckets 4 coarsen threshold 1843 Howl Bitmap #cards 512 size 80 coarsen threshold 460 Card regions per heap region 1 cards per card region 2048
 CPUs: 16 total, 16 available
 Memory: 5978M
 Large Page Support: Disabled
 NUMA Support: Disabled
 Compressed Oops: Enabled (32-bit)
 Heap Region Size: 1M
 Heap Min Capacity: 8M
 Heap Initial Capacity: 94M
 Heap Max Capacity: 1496M
 Pre-touch: Disabled
 Parallel Workers: 13
 Concurrent Workers: 3
 Concurrent Refinement Workers: 13
 Periodic GC: Disabled
Heap:
 garbage-first heap   total 211968K, used 88265K [0x00000000a2800000, 0x0000000100000000)
  region size 1024K, 33 young (33792K), 3 survivors (3072K)
 Metaspace       used 56428K, committed 56768K, reserved 1114112K
  class space    used 6425K, committed 6592K, reserved 1048576K
GC Heap History (20 events):
Event: 4.194 GC heap before
{Heap before GC invocations=9 (full 0):
 garbage-first heap   total 54272K, used 43992K [0x00000000a2800000, 0x0000000100000000)
  region size 1024K, 21 young (21504K), 3 survivors (3072K)
 Metaspace       used 41216K, committed 41472K, reserved 1114112K
  class space    used 4777K, committed 4928K, reserved 1048576K
}
Event: 4.201 GC heap after
{Heap after GC invocations=10 (full 0):
 garbage-first heap   total 54272K, used 26051K [0x00000000a2800000, 0x0000000100000000)
  region size 1024K, 3 young (3072K), 3 survivors (3072K)
 Metaspace       used 41216K, committed 41472K, reserved 1114112K
  class space    used 4777K, committed 4928K, reserved 1048576K
}
Event: 4.719 GC heap before
{Heap before GC invocations=10 (full 0):
 garbage-first heap   total 54272K, used 43459K [0x00000000a2800000, 0x0000000100000000)
  region size 1024K, 21 young (21504K), 3 survivors (3072K)
 Metaspace       used 44984K, committed 45248K, reserved 1114112K
  class space    used 5177K, committed 5312K, reserved 1048576K
}
Event: 4.727 GC heap after
{Heap after GC invocations=11 (full 0):
 garbage-first heap   total 54272K, used 27816K [0x00000000a2800000, 0x0000000100000000)
  region size 1024K, 3 young (3072K), 3 survivors (3072K)
 Metaspace       used 44984K, committed 45248K, reserved 1114112K
  class space    used 5177K, committed 5312K, reserved 1048576K
}
Event: 5.063 GC heap before
{Heap before GC invocations=12 (full 0):
 garbage-first heap   total 54272K, used 46248K [0x00000000a2800000, 0x0000000100000000)
  region size 1024K, 21 young (21504K), 3 survivors (3072K)
 Metaspace       used 46203K, committed 46528K, reserved 1114112K
  class space    used 5286K, committed 5440K, reserved 1048576K
}
Event: 5.077 GC heap after
{Heap after GC invocations=13 (full 0):
 garbage-first heap   total 54272K, used 32768K [0x00000000a2800000, 0x0000000100000000)
  region size 1024K, 3 young (3072K), 3 survivors (3072K)
 Metaspace       used 46203K, committed 46528K, reserved 1114112K
  class space    used 5286K, committed 5440K, reserved 1048576K
}
Event: 5.229 GC heap before
{Heap before GC invocations=13 (full 0):
 garbage-first heap   total 54272K, used 46080K [0x00000000a2800000, 0x0000000100000000)
  region size 1024K, 16 young (16384K), 3 survivors (3072K)
 Metaspace       used 46528K, committed 46784K, reserved 1114112K
  class space    used 5305K, committed 5440K, reserved 1048576K
}
Event: 5.243 GC heap after
{Heap after GC invocations=14 (full 0):
 garbage-first heap   total 65536K, used 36202K [0x00000000a2800000, 0x0000000100000000)
  region size 1024K, 2 young (2048K), 2 survivors (2048K)
 Metaspace       used 46528K, committed 46784K, reserved 1114112K
  class space    used 5305K, committed 5440K, reserved 1048576K
}
Event: 5.345 GC heap before
{Heap before GC invocations=14 (full 0):
 garbage-first heap   total 65536K, used 55658K [0x00000000a2800000, 0x0000000100000000)
  region size 1024K, 20 young (20480K), 2 survivors (2048K)
 Metaspace       used 46641K, committed 46912K, reserved 1114112K
  class space    used 5313K, committed 5440K, reserved 1048576K
}
Event: 5.355 GC heap after
{Heap after GC invocations=15 (full 0):
 garbage-first heap   total 65536K, used 44008K [0x00000000a2800000, 0x0000000100000000)
  region size 1024K, 3 young (3072K), 3 survivors (3072K)
 Metaspace       used 46641K, committed 46912K, reserved 1114112K
  class space    used 5313K, committed 5440K, reserved 1048576K
}
Event: 5.415 GC heap before
{Heap before GC invocations=16 (full 0):
 garbage-first heap   total 73728K, used 56296K [0x00000000a2800000, 0x0000000100000000)
  region size 1024K, 15 young (15360K), 3 survivors (3072K)
 Metaspace       used 46653K, committed 46912K, reserved 1114112K
  class space    used 5313K, committed 5440K, reserved 1048576K
}
Event: 5.423 GC heap after
{Heap after GC invocations=17 (full 0):
 garbage-first heap   total 73728K, used 48640K [0x00000000a2800000, 0x0000000100000000)
  region size 1024K, 2 young (2048K), 2 survivors (2048K)
 Metaspace       used 46653K, committed 46912K, reserved 1114112K
  class space    used 5313K, committed 5440K, reserved 1048576K
}
Event: 5.696 GC heap before
{Heap before GC invocations=17 (full 0):
 garbage-first heap   total 73728K, used 61952K [0x00000000a2800000, 0x0000000100000000)
  region size 1024K, 15 young (15360K), 2 survivors (2048K)
 Metaspace       used 48654K, committed 48960K, reserved 1114112K
  class space    used 5535K, committed 5696K, reserved 1048576K
}
Event: 5.706 GC heap after
{Heap after GC invocations=18 (full 0):
 garbage-first heap   total 73728K, used 51137K [0x00000000a2800000, 0x0000000100000000)
  region size 1024K, 2 young (2048K), 2 survivors (2048K)
 Metaspace       used 48654K, committed 48960K, reserved 1114112K
  class space    used 5535K, committed 5696K, reserved 1048576K
}
Event: 6.023 GC heap before
{Heap before GC invocations=18 (full 0):
 garbage-first heap   total 73728K, used 63425K [0x00000000a2800000, 0x0000000100000000)
  region size 1024K, 14 young (14336K), 2 survivors (2048K)
 Metaspace       used 50049K, committed 50368K, reserved 1114112K
  class space    used 5695K, committed 5824K, reserved 1048576K
}
Event: 6.031 GC heap after
{Heap after GC invocations=19 (full 0):
 garbage-first heap   total 73728K, used 53319K [0x00000000a2800000, 0x0000000100000000)
  region size 1024K, 2 young (2048K), 2 survivors (2048K)
 Metaspace       used 50049K, committed 50368K, reserved 1114112K
  class space    used 5695K, committed 5824K, reserved 1048576K
}
Event: 6.218 GC heap before
{Heap before GC invocations=20 (full 0):
 garbage-first heap   total 91136K, used 63559K [0x00000000a2800000, 0x0000000100000000)
  region size 1024K, 13 young (13312K), 2 survivors (2048K)
 Metaspace       used 50483K, committed 50816K, reserved 1114112K
  class space    used 5734K, committed 5888K, reserved 1048576K
}
Event: 6.226 GC heap after
{Heap after GC invocations=21 (full 0):
 garbage-first heap   total 91136K, used 55526K [0x00000000a2800000, 0x0000000100000000)
  region size 1024K, 2 young (2048K), 2 survivors (2048K)
 Metaspace       used 50483K, committed 50816K, reserved 1114112K
  class space    used 5734K, committed 5888K, reserved 1048576K
}
Event: 6.759 GC heap before
{Heap before GC invocations=21 (full 0):
 garbage-first heap   total 91136K, used 74982K [0x00000000a2800000, 0x0000000100000000)
  region size 1024K, 22 young (22528K), 2 survivors (2048K)
 Metaspace       used 54206K, committed 54592K, reserved 1114112K
  class space    used 6228K, committed 6400K, reserved 1048576K
}
Event: 6.772 GC heap after
{Heap after GC invocations=22 (full 0):
 garbage-first heap   total 211968K, used 58569K [0x00000000a2800000, 0x0000000100000000)
  region size 1024K, 3 young (3072K), 3 survivors (3072K)
 Metaspace       used 54206K, committed 54592K, reserved 1114112K
  class space    used 6228K, committed 6400K, reserved 1048576K
}

